Release 14.7 - xst P.20131013 (lin64)
Copyright (c) 1995-2013 Xilinx, Inc.  All rights reserved.
--> 
Parameter TMPDIR set to xst/projnav.tmp


Total REAL time to Xst completion: 1.00 secs
Total CPU time to Xst completion: 0.02 secs
 
--> 
Parameter xsthdpdir set to xst


Total REAL time to Xst completion: 1.00 secs
Total CPU time to Xst completion: 0.02 secs
 
--> 
Reading design: main.prj

TABLE OF CONTENTS
  1) Synthesis Options Summary
  2) HDL Parsing
  3) HDL Elaboration
  4) HDL Synthesis
       4.1) HDL Synthesis Report
  5) Advanced HDL Synthesis
       5.1) Advanced HDL Synthesis Report
  6) Low Level Synthesis
  7) Partition Report
  8) Design Summary
       8.1) Primitive and Black Box Usage
       8.2) Device utilization summary
       8.3) Partition Resource Summary
       8.4) Timing Report
            8.4.1) Clock Information
            8.4.2) Asynchronous Control Signals Information
            8.4.3) Timing Summary
            8.4.4) Timing Details
            8.4.5) Cross Clock Domains Report


=========================================================================
*                      Synthesis Options Summary                        *
=========================================================================
---- Source Parameters
Input File Name                    : "main.prj"
Ignore Synthesis Constraint File   : NO

---- Target Parameters
Output File Name                   : "main"
Output Format                      : NGC
Target Device                      : xc6slx25-3-ftg256

---- Source Options
Top Module Name                    : main
Automatic FSM Extraction           : YES
FSM Encoding Algorithm             : Auto
Safe Implementation                : No
FSM Style                          : LUT
RAM Extraction                     : Yes
RAM Style                          : Auto
ROM Extraction                     : Yes
Shift Register Extraction          : YES
ROM Style                          : Auto
Resource Sharing                   : YES
Asynchronous To Synchronous        : NO
Shift Register Minimum Size        : 2
Use DSP Block                      : Auto
Automatic Register Balancing       : No

---- Target Options
LUT Combining                      : Auto
Reduce Control Sets                : Auto
Add IO Buffers                     : YES
Global Maximum Fanout              : 100000
Add Generic Clock Buffer(BUFG)     : 16
Register Duplication               : YES
Optimize Instantiated Primitives   : NO
Use Clock Enable                   : Auto
Use Synchronous Set                : Auto
Use Synchronous Reset              : Auto
Pack IO Registers into IOBs        : Auto
Equivalent register Removal        : YES

---- General Options
Optimization Goal                  : Speed
Optimization Effort                : 1
Power Reduction                    : NO
Keep Hierarchy                     : No
Netlist Hierarchy                  : As_Optimized
RTL Output                         : Yes
Global Optimization                : AllClockNets
Read Cores                         : YES
Write Timing Constraints           : NO
Cross Clock Analysis               : NO
Hierarchy Separator                : /
Bus Delimiter                      : <>
Case Specifier                     : Maintain
Slice Utilization Ratio            : 100
BRAM Utilization Ratio             : 100
DSP48 Utilization Ratio            : 100
Auto BRAM Packing                  : NO
Slice Utilization Ratio Delta      : 5

=========================================================================


=========================================================================
*                          HDL Parsing                                  *
=========================================================================
Analyzing Verilog file "/root/spartan6/PWM/src/PWM.v" into library work
Parsing module <PWM>.
Analyzing Verilog file "/root/spartan6/PWM/src/main.v" into library work
Parsing module <main>.

=========================================================================
*                            HDL Elaboration                            *
=========================================================================

Elaborating module <main>.
WARNING:HDLCompiler:872 - "/root/spartan6/PWM/src/main.v" Line 32: Using initial value of b_led since it is never assigned
WARNING:HDLCompiler:413 - "/root/spartan6/PWM/src/main.v" Line 48: Result of 9-bit expression is truncated to fit in 8-bit target.

Elaborating module <PWM>.
WARNING:HDLCompiler:413 - "/root/spartan6/PWM/src/PWM.v" Line 31: Result of 9-bit expression is truncated to fit in 8-bit target.

=========================================================================
*                           HDL Synthesis                               *
=========================================================================

Synthesizing Unit <main>.
    Related source file is "/root/spartan6/PWM/src/main.v".
    Found 8-bit register for signal <pwm_value>.
    Found 32-bit register for signal <counter>.
    Found 32-bit adder for signal <counter[31]_GND_1_o_add_2_OUT> created at line 44.
    Found 8-bit adder for signal <pwm_value[7]_GND_1_o_add_3_OUT> created at line 48.
    Found 32-bit comparator greater for signal <counter[31]_GND_1_o_LessThan_2_o> created at line 43
    Summary:
	inferred   2 Adder/Subtractor(s).
	inferred  40 D-type flip-flop(s).
	inferred   1 Comparator(s).
Unit <main> synthesized.

Synthesizing Unit <PWM>.
    Related source file is "/root/spartan6/PWM/src/PWM.v".
    Found 1-bit register for signal <led_reg>.
    Found 8-bit register for signal <pwm_counter>.
    Found 8-bit adder for signal <pwm_counter[7]_GND_2_o_add_1_OUT> created at line 31.
    Found 8-bit comparator greater for signal <pwm_counter[7]_duty_cycle[7]_LessThan_3_o> created at line 33
    Summary:
	inferred   1 Adder/Subtractor(s).
	inferred   9 D-type flip-flop(s).
	inferred   1 Comparator(s).
Unit <PWM> synthesized.

=========================================================================
HDL Synthesis Report

Macro Statistics
# Adders/Subtractors                                   : 4
 32-bit adder                                          : 1
 8-bit adder                                           : 3
# Registers                                            : 6
 1-bit register                                        : 2
 32-bit register                                       : 1
 8-bit register                                        : 3
# Comparators                                          : 3
 32-bit comparator greater                             : 1
 8-bit comparator greater                              : 2

=========================================================================

=========================================================================
*                       Advanced HDL Synthesis                          *
=========================================================================


Synthesizing (advanced) Unit <PWM>.
The following registers are absorbed into counter <pwm_counter>: 1 register on signal <pwm_counter>.
Unit <PWM> synthesized (advanced).

Synthesizing (advanced) Unit <main>.
The following registers are absorbed into counter <counter>: 1 register on signal <counter>.
The following registers are absorbed into counter <pwm_value>: 1 register on signal <pwm_value>.
Unit <main> synthesized (advanced).

=========================================================================
Advanced HDL Synthesis Report

Macro Statistics
# Counters                                             : 4
 32-bit up counter                                     : 1
 8-bit up counter                                      : 3
# Registers                                            : 2
 Flip-Flops                                            : 2
# Comparators                                          : 3
 32-bit comparator greater                             : 1
 8-bit comparator greater                              : 2

=========================================================================

=========================================================================
*                         Low Level Synthesis                           *
=========================================================================
WARNING:Xst:1989 - Unit <main>: instances <pwm_inst>, <pwm_debug_inst> of unit <PWM> are equivalent, second instance is removed

Optimizing unit <main> ...
WARNING:Xst:1293 - FF/Latch <counter_19> has a constant value of 0 in block <main>. This FF/Latch will be trimmed during the optimization process.
WARNING:Xst:1896 - Due to other FF/Latch trimming, FF/Latch <counter_20> has a constant value of 0 in block <main>. This FF/Latch will be trimmed during the optimization process.
WARNING:Xst:1896 - Due to other FF/Latch trimming, FF/Latch <counter_21> has a constant value of 0 in block <main>. This FF/Latch will be trimmed during the optimization process.
WARNING:Xst:1896 - Due to other FF/Latch trimming, FF/Latch <counter_22> has a constant value of 0 in block <main>. This FF/Latch will be trimmed during the optimization process.
WARNING:Xst:1896 - Due to other FF/Latch trimming, FF/Latch <counter_23> has a constant value of 0 in block <main>. This FF/Latch will be trimmed during the optimization process.
WARNING:Xst:1896 - Due to other FF/Latch trimming, FF/Latch <counter_24> has a constant value of 0 in block <main>. This FF/Latch will be trimmed during the optimization process.
WARNING:Xst:1896 - Due to other FF/Latch trimming, FF/Latch <counter_25> has a constant value of 0 in block <main>. This FF/Latch will be trimmed during the optimization process.
WARNING:Xst:1896 - Due to other FF/Latch trimming, FF/Latch <counter_26> has a constant value of 0 in block <main>. This FF/Latch will be trimmed during the optimization process.
WARNING:Xst:1896 - Due to other FF/Latch trimming, FF/Latch <counter_27> has a constant value of 0 in block <main>. This FF/Latch will be trimmed during the optimization process.
WARNING:Xst:1896 - Due to other FF/Latch trimming, FF/Latch <counter_28> has a constant value of 0 in block <main>. This FF/Latch will be trimmed during the optimization process.
WARNING:Xst:1896 - Due to other FF/Latch trimming, FF/Latch <counter_29> has a constant value of 0 in block <main>. This FF/Latch will be trimmed during the optimization process.
WARNING:Xst:1896 - Due to other FF/Latch trimming, FF/Latch <counter_30> has a constant value of 0 in block <main>. This FF/Latch will be trimmed during the optimization process.
WARNING:Xst:1896 - Due to other FF/Latch trimming, FF/Latch <counter_31> has a constant value of 0 in block <main>. This FF/Latch will be trimmed during the optimization process.

Mapping all equations...
Building and optimizing final netlist ...
Found area constraint ratio of 100 (+ 5) on block main, actual ratio is 0.

Final Macro Processing ...

=========================================================================
Final Register Report

Macro Statistics
# Registers                                            : 36
 Flip-Flops                                            : 36

=========================================================================

=========================================================================
*                           Partition Report                            *
=========================================================================

Partition Implementation Status
-------------------------------

  No Partitions were found in this design.

-------------------------------

=========================================================================
*                            Design Summary                             *
=========================================================================

Top Level Output File Name         : main.ngc

Primitive and Black Box Usage:
------------------------------
# BELS                             : 140
#      GND                         : 1
#      INV                         : 3
#      LUT1                        : 32
#      LUT2                        : 19
#      LUT4                        : 3
#      LUT5                        : 5
#      LUT6                        : 3
#      MUXCY                       : 38
#      VCC                         : 1
#      XORCY                       : 35
# FlipFlops/Latches                : 36
#      FD                          : 28
#      FDE                         : 8
# Clock Buffers                    : 1
#      BUFGP                       : 1
# IO Buffers                       : 4
#      OBUF                        : 4

Device utilization summary:
---------------------------

Selected Device : 6slx25ftg256-3 


Slice Logic Utilization: 
 Number of Slice Registers:              36  out of  30064     0%  
 Number of Slice LUTs:                   65  out of  15032     0%  
    Number used as Logic:                65  out of  15032     0%  

Slice Logic Distribution: 
 Number of LUT Flip Flop pairs used:     65
   Number with an unused Flip Flop:      29  out of     65    44%  
   Number with an unused LUT:             0  out of     65     0%  
   Number of fully used LUT-FF pairs:    36  out of     65    55%  
   Number of unique control sets:         2

IO Utilization: 
 Number of IOs:                           5
 Number of bonded IOBs:                   5  out of    186     2%  

Specific Feature Utilization:
 Number of BUFG/BUFGCTRLs:                1  out of     16     6%  

---------------------------
Partition Resource Summary:
---------------------------

  No Partitions were found in this design.

---------------------------


=========================================================================
Timing Report

NOTE: THESE TIMING NUMBERS ARE ONLY A SYNTHESIS ESTIMATE.
      FOR ACCURATE TIMING INFORMATION PLEASE REFER TO THE TRACE REPORT
      GENERATED AFTER PLACE-and-ROUTE.

Clock Information:
------------------
-----------------------------------+------------------------+-------+
Clock Signal                       | Clock buffer(FF name)  | Load  |
-----------------------------------+------------------------+-------+
clk                                | BUFGP                  | 36    |
-----------------------------------+------------------------+-------+

Asynchronous Control Signals Information:
----------------------------------------
No asynchronous control signals found in this design

Timing Summary:
---------------
Speed Grade: -3

   Minimum period: 3.693ns (Maximum Frequency: 270.755MHz)
   Minimum input arrival time before clock: No path found
   Maximum output required time after clock: 3.634ns
   Maximum combinational path delay: No path found

Timing Details:
---------------
All values displayed in nanoseconds (ns)

=========================================================================
Timing constraint: Default period analysis for Clock 'clk'
  Clock period: 3.693ns (frequency: 270.755MHz)
  Total number of paths / destination ports: 909 / 44
-------------------------------------------------------------------------
Delay:               3.693ns (Levels of Logic = 7)
  Source:            counter_6 (FF)
  Destination:       pwm_value_0 (FF)
  Source Clock:      clk rising
  Destination Clock: clk rising

  Data Path: counter_6 to pwm_value_0
                                Gate     Net
    Cell:in->out      fanout   Delay   Delay  Logical Name (Net Name)
    ----------------------------------------  ------------
     FD:C->Q               3   0.447   0.995  counter_6 (counter_6)
     LUT5:I0->O            1   0.203   0.000  Mcompar_counter[31]_GND_1_o_LessThan_2_o_lut<0> (Mcompar_counter[31]_GND_1_o_LessThan_2_o_lut<0>)
     MUXCY:S->O            1   0.172   0.000  Mcompar_counter[31]_GND_1_o_LessThan_2_o_cy<0> (Mcompar_counter[31]_GND_1_o_LessThan_2_o_cy<0>)
     MUXCY:CI->O           1   0.019   0.000  Mcompar_counter[31]_GND_1_o_LessThan_2_o_cy<1> (Mcompar_counter[31]_GND_1_o_LessThan_2_o_cy<1>)
     MUXCY:CI->O           1   0.019   0.000  Mcompar_counter[31]_GND_1_o_LessThan_2_o_cy<2> (Mcompar_counter[31]_GND_1_o_LessThan_2_o_cy<2>)
     MUXCY:CI->O           1   0.019   0.000  Mcompar_counter[31]_GND_1_o_LessThan_2_o_cy<3> (Mcompar_counter[31]_GND_1_o_LessThan_2_o_cy<3>)
     MUXCY:CI->O           1   0.019   0.000  Mcompar_counter[31]_GND_1_o_LessThan_2_o_cy<4> (Mcompar_counter[31]_GND_1_o_LessThan_2_o_cy<4>)
     MUXCY:CI->O          27   0.258   1.220  Mcompar_counter[31]_GND_1_o_LessThan_2_o_cy<5> (Mcompar_counter[31]_GND_1_o_LessThan_2_o_cy<5>)
     FDE:CE                    0.322          pwm_value_0
    ----------------------------------------
    Total                      3.693ns (1.478ns logic, 2.215ns route)
                                       (40.0% logic, 60.0% route)

=========================================================================
Timing constraint: Default OFFSET OUT AFTER for Clock 'clk'
  Total number of paths / destination ports: 2 / 2
-------------------------------------------------------------------------
Offset:              3.634ns (Levels of Logic = 1)
  Source:            pwm_inst/led_reg (FF)
  Destination:       led_green (PAD)
  Source Clock:      clk rising

  Data Path: pwm_inst/led_reg to led_green
                                Gate     Net
    Cell:in->out      fanout   Delay   Delay  Logical Name (Net Name)
    ----------------------------------------  ------------
     FD:C->Q               2   0.447   0.616  pwm_inst/led_reg (pwm_inst/led_reg)
     OBUF:I->O                 2.571          led_green_OBUF (led_green)
    ----------------------------------------
    Total                      3.634ns (3.018ns logic, 0.616ns route)
                                       (83.0% logic, 17.0% route)

=========================================================================

Cross Clock Domains Report:
--------------------------

Clock to Setup on destination clock clk
---------------+---------+---------+---------+---------+
               | Src:Rise| Src:Fall| Src:Rise| Src:Fall|
Source Clock   |Dest:Rise|Dest:Rise|Dest:Fall|Dest:Fall|
---------------+---------+---------+---------+---------+
clk            |    3.693|         |         |         |
---------------+---------+---------+---------+---------+

=========================================================================


Total REAL time to Xst completion: 3.00 secs
Total CPU time to Xst completion: 2.47 secs
 
--> 


Total memory usage is 371156 kilobytes

Number of errors   :    0 (   0 filtered)
Number of warnings :   17 (   0 filtered)
Number of infos    :    0 (   0 filtered)

